# JRE version: OpenJDK Runtime Environment (8.0_242-b01) (build 1.8.0_242-release-1644-b01)
# Java VM: OpenJDK 64-Bit Server VM (25.242-b01 mixed mode windows-amd64 compressed oops)
Heap:
 PSYoungGen      total 66560K, used 27187K [0x00000000d6600000, 0x00000000dc800000, 0x0000000100000000)
  eden space 61440K, 35% used [0x00000000d6600000,0x00000000d7b91b60,0x00000000da200000)
  from space 5120K, 99% used [0x00000000da600000,0x00000000daafb200,0x00000000dab00000)
  to   space 19456K, 0% used [0x00000000db500000,0x00000000db500000,0x00000000dc800000)
 ParOldGen       total 79360K, used 29266K [0x0000000083200000, 0x0000000087f80000, 0x00000000d6600000)
  object space 79360K, 36% used [0x0000000083200000,0x0000000084e94880,0x0000000087f80000)
 Metaspace       used 42220K, capacity 42937K, committed 43392K, reserved 1087488K
  class space    used 5236K, capacity 5430K, committed 5504K, reserved 1048576K
GC Heap History (10 events):
Event: 2.571 GC heap before
{Heap before GC invocations=5 (full 1):
 PSYoungGen      total 37888K, used 32768K [0x00000000d6600000, 0x00000000db000000, 0x0000000100000000)
  eden space 32768K, 100% used [0x00000000d6600000,0x00000000d8600000,0x00000000d8600000)
  from space 5120K, 0% used [0x00000000d8600000,0x00000000d8600000,0x00000000d8b00000)
  to   space 5120K, 0% used [0x00000000dab00000,0x00000000dab00000,0x00000000db000000)
 ParOldGen       total 79360K, used 14921K [0x0000000083200000, 0x0000000087f80000, 0x00000000d6600000)
  object space 79360K, 18% used [0x0000000083200000,0x0000000084092698,0x0000000087f80000)
 Metaspace       used 25304K, capacity 25892K, committed 25984K, reserved 1071104K
  class space    used 3252K, capacity 3414K, committed 3456K, reserved 1048576K
Event: 2.579 GC heap after
Heap after GC invocations=5 (full 1):
 PSYoungGen      total 50176K, used 5117K [0x00000000d6600000, 0x00000000db000000, 0x0000000100000000)
  eden space 45056K, 0% used [0x00000000d6600000,0x00000000d6600000,0x00000000d9200000)
  from space 5120K, 99% used [0x00000000dab00000,0x00000000dafff628,0x00000000db000000)
  to   space 5120K, 0% used [0x00000000da600000,0x00000000da600000,0x00000000dab00000)
 ParOldGen       total 79360K, used 17278K [0x0000000083200000, 0x0000000087f80000, 0x00000000d6600000)
  object space 79360K, 21% used [0x0000000083200000,0x00000000842dfb18,0x0000000087f80000)
 Metaspace       used 25304K, capacity 25892K, committed 25984K, reserved 1071104K
  class space    used 3252K, capacity 3414K, committed 3456K, reserved 1048576K
}
Event: 3.423 GC heap before
{Heap before GC invocations=6 (full 1):
 PSYoungGen      total 50176K, used 50173K [0x00000000d6600000, 0x00000000db000000, 0x0000000100000000)
  eden space 45056K, 100% used [0x00000000d6600000,0x00000000d9200000,0x00000000d9200000)
  from space 5120K, 99% used [0x00000000dab00000,0x00000000dafff628,0x00000000db000000)
  to   space 5120K, 0% used [0x00000000da600000,0x00000000da600000,0x00000000dab00000)
 ParOldGen       total 79360K, used 17278K [0x0000000083200000, 0x0000000087f80000, 0x00000000d6600000)
  object space 79360K, 21% used [0x0000000083200000,0x00000000842dfb18,0x0000000087f80000)
 Metaspace       used 32786K, capacity 33356K, committed 33664K, reserved 1079296K
  class space    used 4174K, capacity 4382K, committed 4480K, reserved 1048576K
Event: 3.441 GC heap after
Heap after GC invocations=6 (full 1):
 PSYoungGen      total 66560K, used 5111K [0x00000000d6600000, 0x00000000dc800000, 0x0000000100000000)
  eden space 61440K, 0% used [0x00000000d6600000,0x00000000d6600000,0x00000000da200000)
  from space 5120K, 99% used [0x00000000da600000,0x00000000daafdc80,0x00000000dab00000)
  to   space 19456K, 0% used [0x00000000db500000,0x00000000db500000,0x00000000dc800000)
 ParOldGen       total 79360K, used 28565K [0x0000000083200000, 0x0000000087f80000, 0x00000000d6600000)
  object space 79360K, 35% used [0x0000000083200000,0x0000000084de5778,0x0000000087f80000)
 Metaspace       used 32786K, capacity 33356K, committed 33664K, reserved 1079296K
  class space    used 4174K, capacity 4382K, committed 4480K, reserved 1048576K
}
Event: 3.640 GC heap before
{Heap before GC invocations=7 (full 1):
 PSYoungGen      total 66560K, used 18051K [0x00000000d6600000, 0x00000000dc800000, 0x0000000100000000)
  eden space 61440K, 21% used [0x00000000d6600000,0x00000000d72a30d0,0x00000000da200000)
  from space 5120K, 99% used [0x00000000da600000,0x00000000daafdc80,0x00000000dab00000)
  to   space 19456K, 0% used [0x00000000db500000,0x00000000db500000,0x00000000dc800000)
 ParOldGen       total 79360K, used 28565K [0x0000000083200000, 0x0000000087f80000, 0x00000000d6600000)
  object space 79360K, 35% used [0x0000000083200000,0x0000000084de5778,0x0000000087f80000)
 Metaspace       used 34623K, capacity 35226K, committed 35416K, reserved 1081344K
  class space    used 4387K, capacity 4577K, committed 4608K, reserved 1048576K
Event: 3.649 GC heap after
Heap after GC invocations=7 (full 1):
 PSYoungGen      total 80896K, used 7866K [0x00000000d6600000, 0x00000000dc800000, 0x0000000100000000)
  eden space 61440K, 0% used [0x00000000d6600000,0x00000000d6600000,0x00000000da200000)
  from space 19456K, 40% used [0x00000000db500000,0x00000000dbcae878,0x00000000dc800000)
  to   space 5120K, 0% used [0x00000000da600000,0x00000000da600000,0x00000000dab00000)
 ParOldGen       total 79360K, used 28573K [0x0000000083200000, 0x0000000087f80000, 0x00000000d6600000)
  object space 79360K, 36% used [0x0000000083200000,0x0000000084de7778,0x0000000087f80000)
 Metaspace       used 34623K, capacity 35226K, committed 35416K, reserved 1081344K
  class space    used 4387K, capacity 4577K, committed 4608K, reserved 1048576K
}
Event: 3.649 GC heap before
{Heap before GC invocations=8 (full 2):
 PSYoungGen      total 80896K, used 7866K [0x00000000d6600000, 0x00000000dc800000, 0x0000000100000000)
  eden space 61440K, 0% used [0x00000000d6600000,0x00000000d6600000,0x00000000da200000)
  from space 19456K, 40% used [0x00000000db500000,0x00000000dbcae878,0x00000000dc800000)
  to   space 5120K, 0% used [0x00000000da600000,0x00000000da600000,0x00000000dab00000)
 ParOldGen       total 79360K, used 28573K [0x0000000083200000, 0x0000000087f80000, 0x00000000d6600000)
  object space 79360K, 36% used [0x0000000083200000,0x0000000084de7778,0x0000000087f80000)
 Metaspace       used 34623K, capacity 35226K, committed 35416K, reserved 1081344K
  class space    used 4387K, capacity 4577K, committed 4608K, reserved 1048576K
Event: 3.726 GC heap after
Heap after GC invocations=8 (full 2):
 PSYoungGen      total 80896K, used 0K [0x00000000d6600000, 0x00000000dc800000, 0x0000000100000000)
  eden space 61440K, 0% used [0x00000000d6600000,0x00000000d6600000,0x00000000da200000)
  from space 19456K, 0% used [0x00000000db500000,0x00000000db500000,0x00000000dc800000)
  to   space 5120K, 0% used [0x00000000da600000,0x00000000da600000,0x00000000dab00000)
 ParOldGen       total 79360K, used 22864K [0x0000000083200000, 0x0000000087f80000, 0x00000000d6600000)
  object space 79360K, 28% used [0x0000000083200000,0x0000000084854260,0x0000000087f80000)
 Metaspace       used 34623K, capacity 35226K, committed 35416K, reserved 1081344K
  class space    used 4387K, capacity 4577K, committed 4608K, reserved 1048576K
}
Event: 4.609 GC heap before
{Heap before GC invocations=9 (full 2):
 PSYoungGen      total 80896K, used 61440K [0x00000000d6600000, 0x00000000dc800000, 0x0000000100000000)
  eden space 61440K, 100% used [0x00000000d6600000,0x00000000da200000,0x00000000da200000)
  from space 19456K, 0% used [0x00000000db500000,0x00000000db500000,0x00000000dc800000)
  to   space 5120K, 0% used [0x00000000da600000,0x00000000da600000,0x00000000dab00000)
 ParOldGen       total 79360K, used 22864K [0x0000000083200000, 0x0000000087f80000, 0x00000000d6600000)
  object space 79360K, 28% used [0x0000000083200000,0x0000000084854260,0x0000000087f80000)
 Metaspace       used 40358K, capacity 41085K, committed 41344K, reserved 1085440K
  class space    used 5011K, capacity 5186K, committed 5248K, reserved 1048576K
Event: 4.616 GC heap after
Heap after GC invocations=9 (full 2):
 PSYoungGen      total 66560K, used 5100K [0x00000000d6600000, 0x00000000dc800000, 0x0000000100000000)
  eden space 61440K, 0% used [0x00000000d6600000,0x00000000d6600000,0x00000000da200000)
  from space 5120K, 99% used [0x00000000da600000,0x00000000daafb200,0x00000000dab00000)
  to   space 19456K, 0% used [0x00000000db500000,0x00000000db500000,0x00000000dc800000)
 ParOldGen       total 79360K, used 29266K [0x0000000083200000, 0x0000000087f80000, 0x00000000d6600000)
  object space 79360K, 36% used [0x0000000083200000,0x0000000084e94880,0x0000000087f80000)
 Metaspace       used 40358K, capacity 41085K, committed 41344K, reserved 1085440K
  class space    used 5011K, capacity 5186K, committed 5248K, reserved 1048576K
}

