# JRE version: OpenJDK Runtime Environment (8.0_242-b01) (build 1.8.0_242-release-1644-b01)
# Java VM: OpenJDK 64-Bit Server VM (25.242-b01 mixed mode windows-amd64 compressed oops)
Heap:
 PSYoungGen      total 144384K, used 117017K [0x00000000d5580000, 0x00000000df880000, 0x0000000100000000)
  eden space 131072K, 82% used [0x00000000d5580000,0x00000000dbe9ec38,0x00000000dd580000)
  from space 13312K, 70% used [0x00000000deb80000,0x00000000df4a7920,0x00000000df880000)
  to   space 17920K, 0% used [0x00000000dd580000,0x00000000dd580000,0x00000000de700000)
 ParOldGen       total 115712K, used 66779K [0x0000000080000000, 0x0000000087100000, 0x00000000d5580000)
  object space 115712K, 57% used [0x0000000080000000,0x0000000084136df0,0x0000000087100000)
 Metaspace       used 92226K, capacity 97252K, committed 97432K, reserved 1134592K
  class space    used 12276K, capacity 13173K, committed 13224K, reserved 1048576K
GC Heap History (10 events):
Event: 4448.045 GC heap before
{Heap before GC invocations=32 (full 4):
 PSYoungGen      total 138752K, used 125440K [0x00000000d5580000, 0x00000000dec00000, 0x0000000100000000)
  eden space 125440K, 100% used [0x00000000d5580000,0x00000000dd000000,0x00000000dd000000)
  from space 13312K, 0% used [0x00000000dd000000,0x00000000dd000000,0x00000000ddd00000)
  to   space 14336K, 0% used [0x00000000dde00000,0x00000000dde00000,0x00000000dec00000)
 ParOldGen       total 115712K, used 46147K [0x0000000080000000, 0x0000000087100000, 0x00000000d5580000)
  object space 115712K, 39% used [0x0000000080000000,0x0000000082d10f90,0x0000000087100000)
 Metaspace       used 86694K, capacity 90842K, committed 91160K, reserved 1128448K
  class space    used 11764K, capacity 12518K, committed 12584K, reserved 1048576K
Event: 4448.069 GC heap after
Heap after GC invocations=32 (full 4):
 PSYoungGen      total 138752K, used 12091K [0x00000000d5580000, 0x00000000e0080000, 0x0000000100000000)
  eden space 124416K, 0% used [0x00000000d5580000,0x00000000d5580000,0x00000000dcf00000)
  from space 14336K, 84% used [0x00000000dde00000,0x00000000de9ced28,0x00000000dec00000)
  to   space 15360K, 0% used [0x00000000dcf00000,0x00000000dcf00000,0x00000000dde00000)
 ParOldGen       total 115712K, used 46155K [0x0000000080000000, 0x0000000087100000, 0x00000000d5580000)
  object space 115712K, 39% used [0x0000000080000000,0x0000000082d12f90,0x0000000087100000)
 Metaspace       used 86694K, capacity 90842K, committed 91160K, reserved 1128448K
  class space    used 11764K, capacity 12518K, committed 12584K, reserved 1048576K
}
Event: 4569.349 GC heap before
{Heap before GC invocations=33 (full 4):
 PSYoungGen      total 138752K, used 136352K [0x00000000d5580000, 0x00000000e0080000, 0x0000000100000000)
  eden space 124416K, 99% used [0x00000000d5580000,0x00000000dced94e8,0x00000000dcf00000)
  from space 14336K, 84% used [0x00000000dde00000,0x00000000de9ced28,0x00000000dec00000)
  to   space 15360K, 0% used [0x00000000dcf00000,0x00000000dcf00000,0x00000000dde00000)
 ParOldGen       total 115712K, used 46155K [0x0000000080000000, 0x0000000087100000, 0x00000000d5580000)
  object space 115712K, 39% used [0x0000000080000000,0x0000000082d12f90,0x0000000087100000)
 Metaspace       used 89219K, capacity 93552K, committed 93848K, reserved 1130496K
  class space    used 12058K, capacity 12859K, committed 12968K, reserved 1048576K
Event: 4569.375 GC heap after
Heap after GC invocations=33 (full 4):
 PSYoungGen      total 139776K, used 15349K [0x00000000d5580000, 0x00000000e0580000, 0x0000000100000000)
  eden space 124416K, 0% used [0x00000000d5580000,0x00000000d5580000,0x00000000dcf00000)
  from space 15360K, 99% used [0x00000000dcf00000,0x00000000dddfd470,0x00000000dde00000)
  to   space 19968K, 0% used [0x00000000df200000,0x00000000df200000,0x00000000e0580000)
 ParOldGen       total 115712K, used 53044K [0x0000000080000000, 0x0000000087100000, 0x00000000d5580000)
  object space 115712K, 45% used [0x0000000080000000,0x00000000833cd0e0,0x0000000087100000)
 Metaspace       used 89219K, capacity 93552K, committed 93848K, reserved 1130496K
  class space    used 12058K, capacity 12859K, committed 12968K, reserved 1048576K
}
Event: 4576.415 GC heap before
{Heap before GC invocations=34 (full 4):
 PSYoungGen      total 139776K, used 139765K [0x00000000d5580000, 0x00000000e0580000, 0x0000000100000000)
  eden space 124416K, 100% used [0x00000000d5580000,0x00000000dcf00000,0x00000000dcf00000)
  from space 15360K, 99% used [0x00000000dcf00000,0x00000000dddfd470,0x00000000dde00000)
  to   space 19968K, 0% used [0x00000000df200000,0x00000000df200000,0x00000000e0580000)
 ParOldGen       total 115712K, used 53044K [0x0000000080000000, 0x0000000087100000, 0x00000000d5580000)
  object space 115712K, 45% used [0x0000000080000000,0x00000000833cd0e0,0x0000000087100000)
 Metaspace       used 90853K, capacity 95462K, committed 95768K, reserved 1132544K
  class space    used 12195K, capacity 13016K, committed 13096K, reserved 1048576K
Event: 4576.442 GC heap after
Heap after GC invocations=34 (full 4):
 PSYoungGen      total 157184K, used 7056K [0x00000000d5580000, 0x00000000e0380000, 0x0000000100000000)
  eden space 139264K, 0% used [0x00000000d5580000,0x00000000d5580000,0x00000000ddd80000)
  from space 17920K, 39% used [0x00000000df200000,0x00000000df8e4098,0x00000000e0380000)
  to   space 19456K, 0% used [0x00000000ddd80000,0x00000000ddd80000,0x00000000df080000)
 ParOldGen       total 115712K, used 66763K [0x0000000080000000, 0x0000000087100000, 0x00000000d5580000)
  object space 115712K, 57% used [0x0000000080000000,0x0000000084132df0,0x0000000087100000)
 Metaspace       used 90853K, capacity 95462K, committed 95768K, reserved 1132544K
  class space    used 12195K, capacity 13016K, committed 13096K, reserved 1048576K
}
Event: 5344.499 GC heap before
{Heap before GC invocations=35 (full 4):
 PSYoungGen      total 157184K, used 146320K [0x00000000d5580000, 0x00000000e0380000, 0x0000000100000000)
  eden space 139264K, 100% used [0x00000000d5580000,0x00000000ddd80000,0x00000000ddd80000)
  from space 17920K, 39% used [0x00000000df200000,0x00000000df8e4098,0x00000000e0380000)
  to   space 19456K, 0% used [0x00000000ddd80000,0x00000000ddd80000,0x00000000df080000)
 ParOldGen       total 115712K, used 66763K [0x0000000080000000, 0x0000000087100000, 0x00000000d5580000)
  object space 115712K, 57% used [0x0000000080000000,0x0000000084132df0,0x0000000087100000)
 Metaspace       used 91514K, capacity 96358K, committed 96664K, reserved 1132544K
  class space    used 12244K, capacity 13114K, committed 13224K, reserved 1048576K
Event: 5344.513 GC heap after
Heap after GC invocations=35 (full 4):
 PSYoungGen      total 145408K, used 9918K [0x00000000d5580000, 0x00000000dfd80000, 0x0000000100000000)
  eden space 135168K, 0% used [0x00000000d5580000,0x00000000d5580000,0x00000000dd980000)
  from space 10240K, 96% used [0x00000000ddd80000,0x00000000de72f898,0x00000000de780000)
  to   space 18432K, 0% used [0x00000000deb80000,0x00000000deb80000,0x00000000dfd80000)
 ParOldGen       total 115712K, used 66771K [0x0000000080000000, 0x0000000087100000, 0x00000000d5580000)
  object space 115712K, 57% used [0x0000000080000000,0x0000000084134df0,0x0000000087100000)
 Metaspace       used 91514K, capacity 96358K, committed 96664K, reserved 1132544K
  class space    used 12244K, capacity 13114K, committed 13224K, reserved 1048576K
}
Event: 5800.713 GC heap before
{Heap before GC invocations=36 (full 4):
 PSYoungGen      total 145408K, used 145086K [0x00000000d5580000, 0x00000000dfd80000, 0x0000000100000000)
  eden space 135168K, 100% used [0x00000000d5580000,0x00000000dd980000,0x00000000dd980000)
  from space 10240K, 96% used [0x00000000ddd80000,0x00000000de72f898,0x00000000de780000)
  to   space 18432K, 0% used [0x00000000deb80000,0x00000000deb80000,0x00000000dfd80000)
 ParOldGen       total 115712K, used 66771K [0x0000000080000000, 0x0000000087100000, 0x00000000d5580000)
  object space 115712K, 57% used [0x0000000080000000,0x0000000084134df0,0x0000000087100000)
 Metaspace       used 91788K, capacity 96716K, committed 96920K, reserved 1132544K
  class space    used 12252K, capacity 13129K, committed 13224K, reserved 1048576K
Event: 5800.730 GC heap after
Heap after GC invocations=36 (full 4):
 PSYoungGen      total 144384K, used 9374K [0x00000000d5580000, 0x00000000df880000, 0x0000000100000000)
  eden space 131072K, 0% used [0x00000000d5580000,0x00000000d5580000,0x00000000dd580000)
  from space 13312K, 70% used [0x00000000deb80000,0x00000000df4a7920,0x00000000df880000)
  to   space 17920K, 0% used [0x00000000dd580000,0x00000000dd580000,0x00000000de700000)
 ParOldGen       total 115712K, used 66779K [0x0000000080000000, 0x0000000087100000, 0x00000000d5580000)
  object space 115712K, 57% used [0x0000000080000000,0x0000000084136df0,0x0000000087100000)
 Metaspace       used 91788K, capacity 96716K, committed 96920K, reserved 1132544K
  class space    used 12252K, capacity 13129K, committed 13224K, reserved 1048576K
}

